  main.cpp
mbedTLS.lib(aes.obj) : warning LNK4099: PDB 'mbedTLS.pdb' was not found with 'mbedTLS.lib(aes.obj)' or at 'C:\Users\kam\source\repos\tls_server\Debug\mbedTLS.pdb'; linking object as if no debug info
mbedTLS.lib(aria.obj) : warning LNK4099: PDB 'mbedTLS.pdb' was not found with 'mbedTLS.lib(aria.obj)' or at 'C:\Users\kam\source\repos\tls_server\Debug\mbedTLS.pdb'; linking object as if no debug info
mbedTLS.lib(asn1parse.obj) : warning LNK4099: PDB 'mbedTLS.pdb' was not found with 'mbedTLS.lib(asn1parse.obj)' or at 'C:\Users\kam\source\repos\tls_server\Debug\mbedTLS.pdb'; linking object as if no debug info
mbedTLS.lib(asn1write.obj) : warning LNK4099: PDB 'mbedTLS.pdb' was not found with 'mbedTLS.lib(asn1write.obj)' or at 'C:\Users\kam\source\repos\tls_server\Debug\mbedTLS.pdb'; linking object as if no debug info
mbedTLS.lib(base64.obj) : warning LNK4099: PDB 'mbedTLS.pdb' was not found with 'mbedTLS.lib(base64.obj)' or at 'C:\Users\kam\source\repos\tls_server\Debug\mbedTLS.pdb'; linking object as if no debug info
mbedTLS.lib(bignum.obj) : warning LNK4099: PDB 'mbedTLS.pdb' was not found with 'mbedTLS.lib(bignum.obj)' or at 'C:\Users\kam\source\repos\tls_server\Debug\mbedTLS.pdb'; linking object as if no debug info
mbedTLS.lib(camellia.obj) : warning LNK4099: PDB 'mbedTLS.pdb' was not found with 'mbedTLS.lib(camellia.obj)' or at 'C:\Users\kam\source\repos\tls_server\Debug\mbedTLS.pdb'; linking object as if no debug info
mbedTLS.lib(ccm.obj) : warning LNK4099: PDB 'mbedTLS.pdb' was not found with 'mbedTLS.lib(ccm.obj)' or at 'C:\Users\kam\source\repos\tls_server\Debug\mbedTLS.pdb'; linking object as if no debug info
mbedTLS.lib(chacha20.obj) : warning LNK4099: PDB 'mbedTLS.pdb' was not found with 'mbedTLS.lib(chacha20.obj)' or at 'C:\Users\kam\source\repos\tls_server\Debug\mbedTLS.pdb'; linking object as if no debug info
mbedTLS.lib(chachapoly.obj) : warning LNK4099: PDB 'mbedTLS.pdb' was not found with 'mbedTLS.lib(chachapoly.obj)' or at 'C:\Users\kam\source\repos\tls_server\Debug\mbedTLS.pdb'; linking object as if no debug info
mbedTLS.lib(cipher.obj) : warning LNK4099: PDB 'mbedTLS.pdb' was not found with 'mbedTLS.lib(cipher.obj)' or at 'C:\Users\kam\source\repos\tls_server\Debug\mbedTLS.pdb'; linking object as if no debug info
mbedTLS.lib(cipher_wrap.obj) : warning LNK4099: PDB 'mbedTLS.pdb' was not found with 'mbedTLS.lib(cipher_wrap.obj)' or at 'C:\Users\kam\source\repos\tls_server\Debug\mbedTLS.pdb'; linking object as if no debug info
mbedTLS.lib(ctr_drbg.obj) : warning LNK4099: PDB 'mbedTLS.pdb' was not found with 'mbedTLS.lib(ctr_drbg.obj)' or at 'C:\Users\kam\source\repos\tls_server\Debug\mbedTLS.pdb'; linking object as if no debug info
mbedTLS.lib(debug.obj) : warning LNK4099: PDB 'mbedTLS.pdb' was not found with 'mbedTLS.lib(debug.obj)' or at 'C:\Users\kam\source\repos\tls_server\Debug\mbedTLS.pdb'; linking object as if no debug info
mbedTLS.lib(des.obj) : warning LNK4099: PDB 'mbedTLS.pdb' was not found with 'mbedTLS.lib(des.obj)' or at 'C:\Users\kam\source\repos\tls_server\Debug\mbedTLS.pdb'; linking object as if no debug info
mbedTLS.lib(dhm.obj) : warning LNK4099: PDB 'mbedTLS.pdb' was not found with 'mbedTLS.lib(dhm.obj)' or at 'C:\Users\kam\source\repos\tls_server\Debug\mbedTLS.pdb'; linking object as if no debug info
mbedTLS.lib(ecdh.obj) : warning LNK4099: PDB '' was not found with 'mbedTLS.lib(ecdh.obj)' or at ''; linking object as if no debug info
mbedTLS.lib(ecdsa.obj) : warning LNK4099: PDB 'mbedTLS.pdb' was not found with 'mbedTLS.lib(ecdsa.obj)' or at 'C:\Users\kam\source\repos\tls_server\Debug\mbedTLS.pdb'; linking object as if no debug info
mbedTLS.lib(ecp.obj) : warning LNK4099: PDB 'mbedTLS.pdb' was not found with 'mbedTLS.lib(ecp.obj)' or at 'C:\Users\kam\source\repos\tls_server\Debug\mbedTLS.pdb'; linking object as if no debug info
mbedTLS.lib(ecp_curves.obj) : warning LNK4099: PDB 'mbedTLS.pdb' was not found with 'mbedTLS.lib(ecp_curves.obj)' or at 'C:\Users\kam\source\repos\tls_server\Debug\mbedTLS.pdb'; linking object as if no debug info
mbedTLS.lib(entropy.obj) : warning LNK4099: PDB 'mbedTLS.pdb' was not found with 'mbedTLS.lib(entropy.obj)' or at 'C:\Users\kam\source\repos\tls_server\Debug\mbedTLS.pdb'; linking object as if no debug info
mbedTLS.lib(entropy_poll.obj) : warning LNK4099: PDB 'mbedTLS.pdb' was not found with 'mbedTLS.lib(entropy_poll.obj)' or at 'C:\Users\kam\source\repos\tls_server\Debug\mbedTLS.pdb'; linking object as if no debug info
mbedTLS.lib(gcm.obj) : warning LNK4099: PDB 'mbedTLS.pdb' was not found with 'mbedTLS.lib(gcm.obj)' or at 'C:\Users\kam\source\repos\tls_server\Debug\mbedTLS.pdb'; linking object as if no debug info
mbedTLS.lib(hmac_drbg.obj) : warning LNK4099: PDB 'mbedTLS.pdb' was not found with 'mbedTLS.lib(hmac_drbg.obj)' or at 'C:\Users\kam\source\repos\tls_server\Debug\mbedTLS.pdb'; linking object as if no debug info
mbedTLS.lib(md.obj) : warning LNK4099: PDB 'mbedTLS.pdb' was not found with 'mbedTLS.lib(md.obj)' or at 'C:\Users\kam\source\repos\tls_server\Debug\mbedTLS.pdb'; linking object as if no debug info
mbedTLS.lib(md5.obj) : warning LNK4099: PDB 'mbedTLS.pdb' was not found with 'mbedTLS.lib(md5.obj)' or at 'C:\Users\kam\source\repos\tls_server\Debug\mbedTLS.pdb'; linking object as if no debug info
mbedTLS.lib(net_sockets.obj) : warning LNK4099: PDB 'mbedTLS.pdb' was not found with 'mbedTLS.lib(net_sockets.obj)' or at 'C:\Users\kam\source\repos\tls_server\Debug\mbedTLS.pdb'; linking object as if no debug info
mbedTLS.lib(nist_kw.obj) : warning LNK4099: PDB 'mbedTLS.pdb' was not found with 'mbedTLS.lib(nist_kw.obj)' or at 'C:\Users\kam\source\repos\tls_server\Debug\mbedTLS.pdb'; linking object as if no debug info
mbedTLS.lib(oid.obj) : warning LNK4099: PDB 'mbedTLS.pdb' was not found with 'mbedTLS.lib(oid.obj)' or at 'C:\Users\kam\source\repos\tls_server\Debug\mbedTLS.pdb'; linking object as if no debug info
mbedTLS.lib(pem.obj) : warning LNK4099: PDB 'mbedTLS.pdb' was not found with 'mbedTLS.lib(pem.obj)' or at 'C:\Users\kam\source\repos\tls_server\Debug\mbedTLS.pdb'; linking object as if no debug info
mbedTLS.lib(pk.obj) : warning LNK4099: PDB 'mbedTLS.pdb' was not found with 'mbedTLS.lib(pk.obj)' or at 'C:\Users\kam\source\repos\tls_server\Debug\mbedTLS.pdb'; linking object as if no debug info
mbedTLS.lib(pk_wrap.obj) : warning LNK4099: PDB 'mbedTLS.pdb' was not found with 'mbedTLS.lib(pk_wrap.obj)' or at 'C:\Users\kam\source\repos\tls_server\Debug\mbedTLS.pdb'; linking object as if no debug info
mbedTLS.lib(pkcs12.obj) : warning LNK4099: PDB 'mbedTLS.pdb' was not found with 'mbedTLS.lib(pkcs12.obj)' or at 'C:\Users\kam\source\repos\tls_server\Debug\mbedTLS.pdb'; linking object as if no debug info
mbedTLS.lib(pkcs5.obj) : warning LNK4099: PDB 'mbedTLS.pdb' was not found with 'mbedTLS.lib(pkcs5.obj)' or at 'C:\Users\kam\source\repos\tls_server\Debug\mbedTLS.pdb'; linking object as if no debug info
mbedTLS.lib(pkparse.obj) : warning LNK4099: PDB 'mbedTLS.pdb' was not found with 'mbedTLS.lib(pkparse.obj)' or at 'C:\Users\kam\source\repos\tls_server\Debug\mbedTLS.pdb'; linking object as if no debug info
mbedTLS.lib(platform.obj) : warning LNK4099: PDB 'mbedTLS.pdb' was not found with 'mbedTLS.lib(platform.obj)' or at 'C:\Users\kam\source\repos\tls_server\Debug\mbedTLS.pdb'; linking object as if no debug info
mbedTLS.lib(platform_util.obj) : warning LNK4099: PDB 'mbedTLS.pdb' was not found with 'mbedTLS.lib(platform_util.obj)' or at 'C:\Users\kam\source\repos\tls_server\Debug\mbedTLS.pdb'; linking object as if no debug info
mbedTLS.lib(poly1305.obj) : warning LNK4099: PDB 'mbedTLS.pdb' was not found with 'mbedTLS.lib(poly1305.obj)' or at 'C:\Users\kam\source\repos\tls_server\Debug\mbedTLS.pdb'; linking object as if no debug info
mbedTLS.lib(ripemd160.obj) : warning LNK4099: PDB 'mbedTLS.pdb' was not found with 'mbedTLS.lib(ripemd160.obj)' or at 'C:\Users\kam\source\repos\tls_server\Debug\mbedTLS.pdb'; linking object as if no debug info
mbedTLS.lib(rsa.obj) : warning LNK4099: PDB 'mbedTLS.pdb' was not found with 'mbedTLS.lib(rsa.obj)' or at 'C:\Users\kam\source\repos\tls_server\Debug\mbedTLS.pdb'; linking object as if no debug info
mbedTLS.lib(rsa_alt_helpers.obj) : warning LNK4099: PDB 'mbedTLS.pdb' was not found with 'mbedTLS.lib(rsa_alt_helpers.obj)' or at 'C:\Users\kam\source\repos\tls_server\Debug\mbedTLS.pdb'; linking object as if no debug info
mbedTLS.lib(sha1.obj) : warning LNK4099: PDB 'mbedTLS.pdb' was not found with 'mbedTLS.lib(sha1.obj)' or at 'C:\Users\kam\source\repos\tls_server\Debug\mbedTLS.pdb'; linking object as if no debug info
mbedTLS.lib(sha256.obj) : warning LNK4099: PDB 'mbedTLS.pdb' was not found with 'mbedTLS.lib(sha256.obj)' or at 'C:\Users\kam\source\repos\tls_server\Debug\mbedTLS.pdb'; linking object as if no debug info
mbedTLS.lib(sha512.obj) : warning LNK4099: PDB 'mbedTLS.pdb' was not found with 'mbedTLS.lib(sha512.obj)' or at 'C:\Users\kam\source\repos\tls_server\Debug\mbedTLS.pdb'; linking object as if no debug info
mbedTLS.lib(ssl_ciphersuites.obj) : warning LNK4099: PDB 'mbedTLS.pdb' was not found with 'mbedTLS.lib(ssl_ciphersuites.obj)' or at 'C:\Users\kam\source\repos\tls_server\Debug\mbedTLS.pdb'; linking object as if no debug info
mbedTLS.lib(ssl_cli.obj) : warning LNK4099: PDB 'mbedTLS.pdb' was not found with 'mbedTLS.lib(ssl_cli.obj)' or at 'C:\Users\kam\source\repos\tls_server\Debug\mbedTLS.pdb'; linking object as if no debug info
mbedTLS.lib(ssl_msg.obj) : warning LNK4099: PDB 'mbedTLS.pdb' was not found with 'mbedTLS.lib(ssl_msg.obj)' or at 'C:\Users\kam\source\repos\tls_server\Debug\mbedTLS.pdb'; linking object as if no debug info
mbedTLS.lib(ssl_srv.obj) : warning LNK4099: PDB 'mbedTLS.pdb' was not found with 'mbedTLS.lib(ssl_srv.obj)' or at 'C:\Users\kam\source\repos\tls_server\Debug\mbedTLS.pdb'; linking object as if no debug info
mbedTLS.lib(ssl_tls.obj) : warning LNK4099: PDB 'mbedTLS.pdb' was not found with 'mbedTLS.lib(ssl_tls.obj)' or at 'C:\Users\kam\source\repos\tls_server\Debug\mbedTLS.pdb'; linking object as if no debug info
mbedTLS.lib(x509.obj) : warning LNK4099: PDB 'mbedTLS.pdb' was not found with 'mbedTLS.lib(x509.obj)' or at 'C:\Users\kam\source\repos\tls_server\Debug\mbedTLS.pdb'; linking object as if no debug info
mbedTLS.lib(x509_crt.obj) : warning LNK4099: PDB 'mbedTLS.pdb' was not found with 'mbedTLS.lib(x509_crt.obj)' or at 'C:\Users\kam\source\repos\tls_server\Debug\mbedTLS.pdb'; linking object as if no debug info
  tls_server.vcxproj -> C:\Users\kam\source\repos\tls_server\Debug\tls_server.exe
